nohup: ignoring input

############################################################
处理站点: station00
############################################################

--- 历史天数: 1天 (96点) | 预测长度: 1点 ---
样本总数: 28800, 训练: 20160, 验证: 4320, 测试: 4320
一次性预测 -> MAE:0.1329 RMSE:0.2925 NMAE:0.0256 NRMSE:0.0563 R2:0.9648
滚动单步预测 -> MAE:0.1317 RMSE:0.2857 NMAE:0.0253 NRMSE:0.0550 R2:0.9664

--- 历史天数: 1天 (96点) | 预测长度: 16点 ---
样本总数: 1800, 训练: 1260, 验证: 270, 测试: 270
一次性预测 -> MAE:0.3099 RMSE:0.5696 NMAE:0.0596 NRMSE:0.1096 R2:0.8663
滚动单步预测 -> MAE:0.3413 RMSE:0.6406 NMAE:0.0657 NRMSE:0.1233 R2:0.8309

--- 历史天数: 1天 (96点) | 预测长度: 96点 ---
样本总数: 300, 训练: 210, 验证: 45, 测试: 45
一次性预测 -> MAE:0.3717 RMSE:0.6187 NMAE:0.0715 NRMSE:0.1191 R2:0.8423
滚动单步预测 -> MAE:0.4180 RMSE:0.7260 NMAE:0.0805 NRMSE:0.1397 R2:0.7828

--- 历史天数: 2天 (192点) | 预测长度: 1点 ---
样本总数: 28704, 训练: 20092, 验证: 4306, 测试: 4306
一次性预测 -> MAE:0.1386 RMSE:0.2897 NMAE:0.0267 NRMSE:0.0557 R2:0.9655
滚动单步预测 -> MAE:0.1377 RMSE:0.2949 NMAE:0.0265 NRMSE:0.0567 R2:0.9642

--- 历史天数: 2天 (192点) | 预测长度: 16点 ---
样本总数: 1794, 训练: 1255, 验证: 269, 测试: 270
一次性预测 -> MAE:0.3752 RMSE:0.6421 NMAE:0.0722 NRMSE:0.1236 R2:0.8302
滚动单步预测 -> MAE:0.4097 RMSE:0.7181 NMAE:0.0788 NRMSE:0.1382 R2:0.7876

--- 历史天数: 2天 (192点) | 预测长度: 96点 ---
样本总数: 299, 训练: 209, 验证: 45, 测试: 45
一次性预测 -> MAE:0.3710 RMSE:0.6264 NMAE:0.0714 NRMSE:0.1205 R2:0.8384
滚动单步预测 -> MAE:0.3745 RMSE:0.6651 NMAE:0.0721 NRMSE:0.1280 R2:0.8178

--- 历史天数: 3天 (288点) | 预测长度: 1点 ---
样本总数: 28608, 训练: 20025, 验证: 4291, 测试: 4292
一次性预测 -> MAE:0.1618 RMSE:0.3066 NMAE:0.0311 NRMSE:0.0590 R2:0.9614
滚动单步预测 -> MAE:0.1348 RMSE:0.2915 NMAE:0.0259 NRMSE:0.0561 R2:0.9651

--- 历史天数: 3天 (288点) | 预测长度: 16点 ---
样本总数: 1788, 训练: 1251, 验证: 268, 测试: 269
一次性预测 -> MAE:0.3195 RMSE:0.5887 NMAE:0.0615 NRMSE:0.1133 R2:0.8574
滚动单步预测 -> MAE:0.4661 RMSE:0.7901 NMAE:0.0897 NRMSE:0.1521 R2:0.7431

--- 历史天数: 3天 (288点) | 预测长度: 96点 ---
样本总数: 298, 训练: 208, 验证: 45, 测试: 45
一次性预测 -> MAE:0.3776 RMSE:0.6512 NMAE:0.0727 NRMSE:0.1253 R2:0.8253
滚动单步预测 -> MAE:0.3705 RMSE:0.6705 NMAE:0.0713 NRMSE:0.1290 R2:0.8148

--- 历史天数: 5天 (480点) | 预测长度: 1点 ---
样本总数: 28416, 训练: 19891, 验证: 4262, 测试: 4263
一次性预测 -> MAE:0.1304 RMSE:0.2925 NMAE:0.0251 NRMSE:0.0563 R2:0.9643
滚动单步预测 -> MAE:0.1393 RMSE:0.2903 NMAE:0.0268 NRMSE:0.0559 R2:0.9648

--- 历史天数: 5天 (480点) | 预测长度: 16点 ---
样本总数: 1776, 训练: 1243, 验证: 266, 测试: 267
一次性预测 -> MAE:0.3361 RMSE:0.6050 NMAE:0.0647 NRMSE:0.1164 R2:0.8487
滚动单步预测 -> MAE:0.4061 RMSE:0.7275 NMAE:0.0782 NRMSE:0.1400 R2:0.7812

--- 历史天数: 5天 (480点) | 预测长度: 96点 ---
样本总数: 296, 训练: 207, 验证: 44, 测试: 45
一次性预测 -> MAE:0.3685 RMSE:0.6002 NMAE:0.0709 NRMSE:0.1155 R2:0.8516
滚动单步预测 -> MAE:0.3536 RMSE:0.6584 NMAE:0.0681 NRMSE:0.1267 R2:0.8214

--- 历史天数: 7天 (672点) | 预测长度: 1点 ---
样本总数: 28224, 训练: 19756, 验证: 4234, 测试: 4234
一次性预测 -> MAE:0.1342 RMSE:0.2932 NMAE:0.0258 NRMSE:0.0564 R2:0.9640
滚动单步预测 -> MAE:0.1475 RMSE:0.2905 NMAE:0.0284 NRMSE:0.0559 R2:0.9647

--- 历史天数: 7天 (672点) | 预测长度: 16点 ---
样本总数: 1764, 训练: 1234, 验证: 265, 测试: 265
一次性预测 -> MAE:0.3373 RMSE:0.6205 NMAE:0.0649 NRMSE:0.1194 R2:0.8389
滚动单步预测 -> MAE:0.4325 RMSE:0.7507 NMAE:0.0832 NRMSE:0.1445 R2:0.7642

--- 历史天数: 7天 (672点) | 预测长度: 96点 ---
样本总数: 294, 训练: 205, 验证: 44, 测试: 45
一次性预测 -> MAE:0.3865 RMSE:0.6297 NMAE:0.0744 NRMSE:0.1212 R2:0.8366
滚动单步预测 -> MAE:0.3978 RMSE:0.6798 NMAE:0.0766 NRMSE:0.1308 R2:0.8096

############################################################
处理站点: station01
############################################################

--- 历史天数: 1天 (96点) | 预测长度: 1点 ---
样本总数: 33312, 训练: 23318, 验证: 4997, 测试: 4997
一次性预测 -> MAE:0.4681 RMSE:1.0768 NMAE:0.0240 NRMSE:0.0553 R2:0.9675
滚动单步预测 -> MAE:0.4798 RMSE:1.0792 NMAE:0.0246 NRMSE:0.0554 R2:0.9673

--- 历史天数: 1天 (96点) | 预测长度: 16点 ---
样本总数: 2082, 训练: 1457, 验证: 312, 测试: 313
一次性预测 -> MAE:1.1859 RMSE:1.9492 NMAE:0.0609 NRMSE:0.1000 R2:0.8933
滚动单步预测 -> MAE:1.5127 RMSE:2.5878 NMAE:0.0776 NRMSE:0.1328 R2:0.8118

--- 历史天数: 1天 (96点) | 预测长度: 96点 ---
样本总数: 347, 训练: 242, 验证: 52, 测试: 53
一次性预测 -> MAE:1.4857 RMSE:2.3361 NMAE:0.0763 NRMSE:0.1199 R2:0.8467
滚动单步预测 -> MAE:2.7054 RMSE:3.6516 NMAE:0.1389 NRMSE:0.1874 R2:0.6254

--- 历史天数: 2天 (192点) | 预测长度: 1点 ---
样本总数: 33216, 训练: 23251, 验证: 4982, 测试: 4983
一次性预测 -> MAE:0.5340 RMSE:1.1077 NMAE:0.0274 NRMSE:0.0569 R2:0.9656
滚动单步预测 -> MAE:0.4832 RMSE:1.0718 NMAE:0.0248 NRMSE:0.0550 R2:0.9678

--- 历史天数: 2天 (192点) | 预测长度: 16点 ---
样本总数: 2076, 训练: 1453, 验证: 311, 测试: 312
一次性预测 -> MAE:1.2050 RMSE:2.0293 NMAE:0.0618 NRMSE:0.1042 R2:0.8845
滚动单步预测 -> MAE:1.6413 RMSE:2.9234 NMAE:0.0842 NRMSE:0.1501 R2:0.7602

--- 历史天数: 2天 (192点) | 预测长度: 96点 ---
样本总数: 346, 训练: 242, 验证: 52, 测试: 52
一次性预测 -> MAE:1.5436 RMSE:2.4137 NMAE:0.0792 NRMSE:0.1239 R2:0.8365
滚动单步预测 -> MAE:2.9556 RMSE:4.4916 NMAE:0.1517 NRMSE:0.2305 R2:0.4339

--- 历史天数: 3天 (288点) | 预测长度: 1点 ---
样本总数: 33120, 训练: 23184, 验证: 4968, 测试: 4968
一次性预测 -> MAE:0.4840 RMSE:1.0785 NMAE:0.0248 NRMSE:0.0554 R2:0.9674
滚动单步预测 -> MAE:0.4713 RMSE:1.0765 NMAE:0.0242 NRMSE:0.0553 R2:0.9675

--- 历史天数: 3天 (288点) | 预测长度: 16点 ---
样本总数: 2070, 训练: 1449, 验证: 310, 测试: 311
一次性预测 -> MAE:1.1969 RMSE:2.0210 NMAE:0.0614 NRMSE:0.1037 R2:0.8855
滚动单步预测 -> MAE:1.3563 RMSE:2.1914 NMAE:0.0696 NRMSE:0.1125 R2:0.8654

--- 历史天数: 3天 (288点) | 预测长度: 96点 ---
样本总数: 345, 训练: 241, 验证: 52, 测试: 52
一次性预测 -> MAE:1.5185 RMSE:2.3433 NMAE:0.0779 NRMSE:0.1203 R2:0.8459
滚动单步预测 -> MAE:1.8885 RMSE:3.1841 NMAE:0.0969 NRMSE:0.1634 R2:0.7155

--- 历史天数: 5天 (480点) | 预测长度: 1点 ---
样本总数: 32928, 训练: 23049, 验证: 4939, 测试: 4940
一次性预测 -> MAE:0.4766 RMSE:1.0636 NMAE:0.0245 NRMSE:0.0546 R2:0.9684
滚动单步预测 -> MAE:0.4893 RMSE:1.0768 NMAE:0.0251 NRMSE:0.0553 R2:0.9677

--- 历史天数: 5天 (480点) | 预测长度: 16点 ---
样本总数: 2058, 训练: 1440, 验证: 309, 测试: 309
一次性预测 -> MAE:1.2734 RMSE:2.1327 NMAE:0.0654 NRMSE:0.1095 R2:0.8731
滚动单步预测 -> MAE:1.4361 RMSE:2.5244 NMAE:0.0737 NRMSE:0.1296 R2:0.8222

--- 历史天数: 5天 (480点) | 预测长度: 96点 ---
样本总数: 343, 训练: 240, 验证: 51, 测试: 52
一次性预测 -> MAE:1.5540 RMSE:2.3565 NMAE:0.0798 NRMSE:0.1210 R2:0.8442
滚动单步预测 -> MAE:3.4453 RMSE:5.2558 NMAE:0.1768 NRMSE:0.2698 R2:0.2249

--- 历史天数: 7天 (672点) | 预测长度: 1点 ---
样本总数: 32736, 训练: 22915, 验证: 4910, 测试: 4911
一次性预测 -> MAE:0.4777 RMSE:1.0701 NMAE:0.0245 NRMSE:0.0549 R2:0.9682
滚动单步预测 -> MAE:0.4822 RMSE:1.0758 NMAE:0.0248 NRMSE:0.0552 R2:0.9679

--- 历史天数: 7天 (672点) | 预测长度: 16点 ---
样本总数: 2046, 训练: 1432, 验证: 307, 测试: 307
一次性预测 -> MAE:1.1063 RMSE:1.9229 NMAE:0.0568 NRMSE:0.0987 R2:0.8973
滚动单步预测 -> MAE:1.3525 RMSE:2.4610 NMAE:0.0694 NRMSE:0.1263 R2:0.8317

--- 历史天数: 7天 (672点) | 预测长度: 96点 ---
样本总数: 341, 训练: 238, 验证: 51, 测试: 52
一次性预测 -> MAE:1.6232 RMSE:2.4561 NMAE:0.0833 NRMSE:0.1261 R2:0.8307
滚动单步预测 -> MAE:2.5578 RMSE:3.7229 NMAE:0.1313 NRMSE:0.1911 R2:0.6111

############################################################
处理站点: station02
############################################################

--- 历史天数: 1天 (96点) | 预测长度: 1点 ---
样本总数: 30336, 训练: 21235, 验证: 4550, 测试: 4551
一次性预测 -> MAE:0.4128 RMSE:0.9295 NMAE:0.0272 NRMSE:0.0613 R2:0.9577
滚动单步预测 -> MAE:0.4007 RMSE:0.9260 NMAE:0.0264 NRMSE:0.0611 R2:0.9580

--- 历史天数: 1天 (96点) | 预测长度: 16点 ---
样本总数: 1896, 训练: 1327, 验证: 284, 测试: 285
一次性预测 -> MAE:0.8837 RMSE:1.5957 NMAE:0.0583 NRMSE:0.1052 R2:0.8760
滚动单步预测 -> MAE:1.0523 RMSE:1.8394 NMAE:0.0694 NRMSE:0.1213 R2:0.8353

--- 历史天数: 1天 (96点) | 预测长度: 96点 ---
样本总数: 316, 训练: 221, 验证: 47, 测试: 48
一次性预测 -> MAE:1.0874 RMSE:1.8704 NMAE:0.0717 NRMSE:0.1233 R2:0.8297
滚动单步预测 -> MAE:1.0321 RMSE:1.8027 NMAE:0.0681 NRMSE:0.1189 R2:0.8418

--- 历史天数: 2天 (192点) | 预测长度: 1点 ---
样本总数: 30240, 训练: 21168, 验证: 4536, 测试: 4536
一次性预测 -> MAE:0.3903 RMSE:0.9103 NMAE:0.0257 NRMSE:0.0600 R2:0.9595
滚动单步预测 -> MAE:0.4025 RMSE:0.9188 NMAE:0.0265 NRMSE:0.0606 R2:0.9587

--- 历史天数: 2天 (192点) | 预测长度: 16点 ---
样本总数: 1890, 训练: 1323, 验证: 283, 测试: 284
一次性预测 -> MAE:0.9770 RMSE:1.7055 NMAE:0.0644 NRMSE:0.1125 R2:0.8576
滚动单步预测 -> MAE:1.0995 RMSE:1.9491 NMAE:0.0725 NRMSE:0.1285 R2:0.8140

--- 历史天数: 2天 (192点) | 预测长度: 96点 ---
样本总数: 315, 训练: 220, 验证: 47, 测试: 48
一次性预测 -> MAE:1.1805 RMSE:1.9630 NMAE:0.0778 NRMSE:0.1294 R2:0.8124
滚动单步预测 -> MAE:0.9776 RMSE:1.7012 NMAE:0.0645 NRMSE:0.1122 R2:0.8591

--- 历史天数: 3天 (288点) | 预测长度: 1点 ---
样本总数: 30144, 训练: 21100, 验证: 4522, 测试: 4522
一次性预测 -> MAE:0.4113 RMSE:0.9278 NMAE:0.0271 NRMSE:0.0612 R2:0.9580
滚动单步预测 -> MAE:0.4085 RMSE:0.9115 NMAE:0.0269 NRMSE:0.0601 R2:0.9594

--- 历史天数: 3天 (288点) | 预测长度: 16点 ---
样本总数: 1884, 训练: 1318, 验证: 283, 测试: 283
一次性预测 -> MAE:0.8838 RMSE:1.5962 NMAE:0.0583 NRMSE:0.1052 R2:0.8756
滚动单步预测 -> MAE:0.9943 RMSE:1.7668 NMAE:0.0656 NRMSE:0.1165 R2:0.8475

--- 历史天数: 3天 (288点) | 预测长度: 96点 ---
样本总数: 314, 训练: 219, 验证: 47, 测试: 48
一次性预测 -> MAE:1.1825 RMSE:1.9456 NMAE:0.0780 NRMSE:0.1283 R2:0.8157
滚动单步预测 -> MAE:1.2042 RMSE:1.9277 NMAE:0.0794 NRMSE:0.1271 R2:0.8191

--- 历史天数: 5天 (480点) | 预测长度: 1点 ---
样本总数: 29952, 训练: 20966, 验证: 4493, 测试: 4493
一次性预测 -> MAE:0.4176 RMSE:0.9382 NMAE:0.0275 NRMSE:0.0619 R2:0.9572
滚动单步预测 -> MAE:0.3983 RMSE:0.9198 NMAE:0.0263 NRMSE:0.0607 R2:0.9588

--- 历史天数: 5天 (480点) | 预测长度: 16点 ---
样本总数: 1872, 训练: 1310, 验证: 281, 测试: 281
一次性预测 -> MAE:0.8718 RMSE:1.5925 NMAE:0.0575 NRMSE:0.1050 R2:0.8765
滚动单步预测 -> MAE:1.0563 RMSE:1.8476 NMAE:0.0696 NRMSE:0.1218 R2:0.8338

--- 历史天数: 5天 (480点) | 预测长度: 96点 ---
样本总数: 312, 训练: 218, 验证: 47, 测试: 47
一次性预测 -> MAE:1.1852 RMSE:1.9543 NMAE:0.0781 NRMSE:0.1289 R2:0.8138
滚动单步预测 -> MAE:1.0590 RMSE:1.8048 NMAE:0.0698 NRMSE:0.1190 R2:0.8412

--- 历史天数: 7天 (672点) | 预测长度: 1点 ---
样本总数: 29760, 训练: 20832, 验证: 4464, 测试: 4464
一次性预测 -> MAE:0.4079 RMSE:0.9230 NMAE:0.0269 NRMSE:0.0609 R2:0.9585
滚动单步预测 -> MAE:0.4186 RMSE:0.9307 NMAE:0.0276 NRMSE:0.0614 R2:0.9579

--- 历史天数: 7天 (672点) | 预测长度: 16点 ---
样本总数: 1860, 训练: 1302, 验证: 279, 测试: 279
一次性预测 -> MAE:0.9320 RMSE:1.6683 NMAE:0.0615 NRMSE:0.1100 R2:0.8646
滚动单步预测 -> MAE:1.2107 RMSE:2.2203 NMAE:0.0798 NRMSE:0.1464 R2:0.7601

--- 历史天数: 7天 (672点) | 预测长度: 96点 ---
样本总数: 310, 训练: 217, 验证: 46, 测试: 47
一次性预测 -> MAE:1.0894 RMSE:1.8601 NMAE:0.0718 NRMSE:0.1226 R2:0.8313
滚动单步预测 -> MAE:1.0782 RMSE:1.8584 NMAE:0.0711 NRMSE:0.1225 R2:0.8316

############################################################
处理站点: station03
############################################################

--- 历史天数: 1天 (96点) | 预测长度: 1点 ---
样本总数: 14592, 训练: 10214, 验证: 2189, 测试: 2189
一次性预测 -> MAE:0.5247 RMSE:1.1162 NMAE:0.0327 NRMSE:0.0696 R2:0.9483
滚动单步预测 -> MAE:0.4935 RMSE:1.0430 NMAE:0.0308 NRMSE:0.0650 R2:0.9548

--- 历史天数: 1天 (96点) | 预测长度: 16点 ---
样本总数: 912, 训练: 638, 验证: 137, 测试: 137
一次性预测 -> MAE:1.1588 RMSE:1.9844 NMAE:0.0722 NRMSE:0.1237 R2:0.8364
滚动单步预测 -> MAE:1.0923 RMSE:1.9373 NMAE:0.0681 NRMSE:0.1208 R2:0.8441

--- 历史天数: 1天 (96点) | 预测长度: 96点 ---
样本总数: 152, 训练: 106, 验证: 23, 测试: 23
一次性预测 -> MAE:1.1813 RMSE:1.9817 NMAE:0.0736 NRMSE:0.1235 R2:0.8363
滚动单步预测 -> MAE:1.1060 RMSE:1.9840 NMAE:0.0689 NRMSE:0.1237 R2:0.8360

--- 历史天数: 2天 (192点) | 预测长度: 1点 ---
样本总数: 14496, 训练: 10147, 验证: 2174, 测试: 2175
一次性预测 -> MAE:0.4999 RMSE:1.0697 NMAE:0.0312 NRMSE:0.0667 R2:0.9527
滚动单步预测 -> MAE:0.4839 RMSE:1.0396 NMAE:0.0302 NRMSE:0.0648 R2:0.9553

--- 历史天数: 2天 (192点) | 预测长度: 16点 ---
样本总数: 906, 训练: 634, 验证: 136, 测试: 136
一次性预测 -> MAE:1.1654 RMSE:1.9610 NMAE:0.0726 NRMSE:0.1222 R2:0.8410
滚动单步预测 -> MAE:1.1466 RMSE:1.9946 NMAE:0.0715 NRMSE:0.1243 R2:0.8355

--- 历史天数: 2天 (192点) | 预测长度: 96点 ---
样本总数: 151, 训练: 105, 验证: 23, 测试: 23
一次性预测 -> MAE:1.1771 RMSE:2.0759 NMAE:0.0734 NRMSE:0.1294 R2:0.8204
滚动单步预测 -> MAE:1.0812 RMSE:1.9482 NMAE:0.0674 NRMSE:0.1214 R2:0.8418

--- 历史天数: 3天 (288点) | 预测长度: 1点 ---
样本总数: 14400, 训练: 10080, 验证: 2160, 测试: 2160
一次性预测 -> MAE:0.4920 RMSE:1.0859 NMAE:0.0307 NRMSE:0.0677 R2:0.9505
滚动单步预测 -> MAE:0.5333 RMSE:1.0469 NMAE:0.0332 NRMSE:0.0653 R2:0.9540

--- 历史天数: 3天 (288点) | 预测长度: 16点 ---
样本总数: 900, 训练: 630, 验证: 135, 测试: 135
一次性预测 -> MAE:1.2673 RMSE:2.1560 NMAE:0.0790 NRMSE:0.1344 R2:0.8049
滚动单步预测 -> MAE:1.1799 RMSE:1.9670 NMAE:0.0736 NRMSE:0.1226 R2:0.8376

--- 历史天数: 3天 (288点) | 预测长度: 96点 ---
样本总数: 150, 训练: 105, 验证: 22, 测试: 23
一次性预测 -> MAE:1.2147 RMSE:2.0802 NMAE:0.0757 NRMSE:0.1297 R2:0.8197
滚动单步预测 -> MAE:1.1429 RMSE:1.9936 NMAE:0.0712 NRMSE:0.1243 R2:0.8344

--- 历史天数: 5天 (480点) | 预测长度: 1点 ---
样本总数: 14208, 训练: 9945, 验证: 2131, 测试: 2132
一次性预测 -> MAE:0.4822 RMSE:1.0470 NMAE:0.0301 NRMSE:0.0653 R2:0.9530
滚动单步预测 -> MAE:0.5040 RMSE:1.0576 NMAE:0.0314 NRMSE:0.0659 R2:0.9521

--- 历史天数: 5天 (480点) | 预测长度: 16点 ---
样本总数: 888, 训练: 621, 验证: 133, 测试: 134
一次性预测 -> MAE:1.1760 RMSE:2.0648 NMAE:0.0733 NRMSE:0.1287 R2:0.8166
滚动单步预测 -> MAE:1.1472 RMSE:2.0095 NMAE:0.0715 NRMSE:0.1253 R2:0.8263

--- 历史天数: 5天 (480点) | 预测长度: 96点 ---
样本总数: 148, 训练: 103, 验证: 22, 测试: 23
一次性预测 -> MAE:1.1172 RMSE:1.9852 NMAE:0.0696 NRMSE:0.1238 R2:0.8358
滚动单步预测 -> MAE:1.0945 RMSE:1.9925 NMAE:0.0682 NRMSE:0.1242 R2:0.8346

--- 历史天数: 7天 (672点) | 预测长度: 1点 ---
样本总数: 14016, 训练: 9811, 验证: 2102, 测试: 2103
一次性预测 -> MAE:0.5204 RMSE:1.0580 NMAE:0.0324 NRMSE:0.0660 R2:0.9523
滚动单步预测 -> MAE:0.4904 RMSE:1.0470 NMAE:0.0306 NRMSE:0.0653 R2:0.9533

--- 历史天数: 7天 (672点) | 预测长度: 16点 ---
样本总数: 876, 训练: 613, 验证: 131, 测试: 132
一次性预测 -> MAE:1.1136 RMSE:1.9753 NMAE:0.0694 NRMSE:0.1231 R2:0.8335
滚动单步预测 -> MAE:1.2323 RMSE:2.0822 NMAE:0.0768 NRMSE:0.1298 R2:0.8150

--- 历史天数: 7天 (672点) | 预测长度: 96点 ---
样本总数: 146, 训练: 102, 验证: 22, 测试: 22
一次性预测 -> MAE:1.2961 RMSE:2.1073 NMAE:0.0808 NRMSE:0.1314 R2:0.8105
滚动单步预测 -> MAE:1.1183 RMSE:2.0416 NMAE:0.0697 NRMSE:0.1273 R2:0.8222

############################################################
处理站点: station04
############################################################

--- 历史天数: 1天 (96点) | 预测长度: 1点 ---
样本总数: 33312, 训练: 23318, 验证: 4997, 测试: 4997
一次性预测 -> MAE:0.7629 RMSE:1.6961 NMAE:0.0296 NRMSE:0.0658 R2:0.9501
滚动单步预测 -> MAE:0.7079 RMSE:1.6297 NMAE:0.0274 NRMSE:0.0632 R2:0.9540

--- 历史天数: 1天 (96点) | 预测长度: 16点 ---
样本总数: 2082, 训练: 1457, 验证: 312, 测试: 313
一次性预测 -> MAE:1.6549 RMSE:2.9710 NMAE:0.0642 NRMSE:0.1152 R2:0.8468
滚动单步预测 -> MAE:1.7764 RMSE:3.2354 NMAE:0.0689 NRMSE:0.1254 R2:0.8183

--- 历史天数: 1天 (96点) | 预测长度: 96点 ---
样本总数: 347, 训练: 242, 验证: 52, 测试: 53
一次性预测 -> MAE:2.0005 RMSE:3.3621 NMAE:0.0776 NRMSE:0.1303 R2:0.8053
滚动单步预测 -> MAE:1.8545 RMSE:3.1899 NMAE:0.0719 NRMSE:0.1237 R2:0.8247

--- 历史天数: 2天 (192点) | 预测长度: 1点 ---
样本总数: 33216, 训练: 23251, 验证: 4982, 测试: 4983
一次性预测 -> MAE:0.7594 RMSE:1.6631 NMAE:0.0294 NRMSE:0.0645 R2:0.9521
滚动单步预测 -> MAE:0.7553 RMSE:1.6609 NMAE:0.0293 NRMSE:0.0644 R2:0.9522

--- 历史天数: 2天 (192点) | 预测长度: 16点 ---
样本总数: 2076, 训练: 1453, 验证: 311, 测试: 312
一次性预测 -> MAE:1.6498 RMSE:2.9988 NMAE:0.0640 NRMSE:0.1163 R2:0.8442
滚动单步预测 -> MAE:1.6853 RMSE:3.1293 NMAE:0.0653 NRMSE:0.1213 R2:0.8303

--- 历史天数: 2天 (192点) | 预测长度: 96点 ---
样本总数: 346, 训练: 242, 验证: 52, 测试: 52
一次性预测 -> MAE:1.9907 RMSE:3.3390 NMAE:0.0772 NRMSE:0.1295 R2:0.8068
滚动单步预测 -> MAE:2.0486 RMSE:3.3201 NMAE:0.0794 NRMSE:0.1287 R2:0.8090

--- 历史天数: 3天 (288点) | 预测长度: 1点 ---
样本总数: 33120, 训练: 23184, 验证: 4968, 测试: 4968
一次性预测 -> MAE:0.7777 RMSE:1.6661 NMAE:0.0301 NRMSE:0.0646 R2:0.9520
滚动单步预测 -> MAE:0.7155 RMSE:1.6378 NMAE:0.0277 NRMSE:0.0635 R2:0.9536

--- 历史天数: 3天 (288点) | 预测长度: 16点 ---
样本总数: 2070, 训练: 1449, 验证: 310, 测试: 311
一次性预测 -> MAE:1.6570 RMSE:2.9075 NMAE:0.0642 NRMSE:0.1127 R2:0.8537
滚动单步预测 -> MAE:1.8973 RMSE:3.3979 NMAE:0.0736 NRMSE:0.1317 R2:0.8002

--- 历史天数: 3天 (288点) | 预测长度: 96点 ---
样本总数: 345, 训练: 241, 验证: 52, 测试: 52
一次性预测 -> MAE:2.0499 RMSE:3.3591 NMAE:0.0795 NRMSE:0.1302 R2:0.8045
滚动单步预测 -> MAE:1.7792 RMSE:3.1657 NMAE:0.0690 NRMSE:0.1227 R2:0.8263

--- 历史天数: 5天 (480点) | 预测长度: 1点 ---
样本总数: 32928, 训练: 23049, 验证: 4939, 测试: 4940
一次性预测 -> MAE:0.7404 RMSE:1.6628 NMAE:0.0287 NRMSE:0.0645 R2:0.9518
滚动单步预测 -> MAE:0.7261 RMSE:1.6544 NMAE:0.0282 NRMSE:0.0641 R2:0.9523

--- 历史天数: 5天 (480点) | 预测长度: 16点 ---
样本总数: 2058, 训练: 1440, 验证: 309, 测试: 309
一次性预测 -> MAE:1.5211 RMSE:2.8145 NMAE:0.0590 NRMSE:0.1091 R2:0.8624
滚动单步预测 -> MAE:1.7165 RMSE:3.1514 NMAE:0.0665 NRMSE:0.1222 R2:0.8275

--- 历史天数: 5天 (480点) | 预测长度: 96点 ---
样本总数: 343, 训练: 240, 验证: 51, 测试: 52
一次性预测 -> MAE:2.0212 RMSE:3.3879 NMAE:0.0784 NRMSE:0.1313 R2:0.8011
滚动单步预测 -> MAE:1.8198 RMSE:3.2225 NMAE:0.0706 NRMSE:0.1249 R2:0.8201

--- 历史天数: 7天 (672点) | 预测长度: 1点 ---
样本总数: 32736, 训练: 22915, 验证: 4910, 测试: 4911
一次性预测 -> MAE:0.7844 RMSE:1.6758 NMAE:0.0304 NRMSE:0.0650 R2:0.9509
滚动单步预测 -> MAE:0.7414 RMSE:1.6637 NMAE:0.0287 NRMSE:0.0645 R2:0.9516

--- 历史天数: 7天 (672点) | 预测长度: 16点 ---
样本总数: 2046, 训练: 1432, 验证: 307, 测试: 307
一次性预测 -> MAE:1.5970 RMSE:2.8598 NMAE:0.0619 NRMSE:0.1109 R2:0.8571
滚动单步预测 -> MAE:1.8487 RMSE:3.3016 NMAE:0.0717 NRMSE:0.1280 R2:0.8095

--- 历史天数: 7天 (672点) | 预测长度: 96点 ---
样本总数: 341, 训练: 238, 验证: 51, 测试: 52
一次性预测 -> MAE:2.0474 RMSE:3.3748 NMAE:0.0794 NRMSE:0.1308 R2:0.8026
滚动单步预测 -> MAE:1.9232 RMSE:3.2788 NMAE:0.0746 NRMSE:0.1271 R2:0.8137

############################################################
处理站点: station05
############################################################

--- 历史天数: 1天 (96点) | 预测长度: 1点 ---
样本总数: 9600, 训练: 6720, 验证: 1440, 测试: 1440
一次性预测 -> MAE:0.9274 RMSE:2.2576 NMAE:0.0313 NRMSE:0.0762 R2:0.9378
滚动单步预测 -> MAE:0.9581 RMSE:2.2689 NMAE:0.0324 NRMSE:0.0766 R2:0.9372

--- 历史天数: 1天 (96点) | 预测长度: 16点 ---
样本总数: 600, 训练: 420, 验证: 90, 测试: 90
一次性预测 -> MAE:2.1039 RMSE:3.7765 NMAE:0.0711 NRMSE:0.1275 R2:0.8261
滚动单步预测 -> MAE:2.0622 RMSE:3.7342 NMAE:0.0696 NRMSE:0.1261 R2:0.8299

--- 历史天数: 1天 (96点) | 预测长度: 96点 ---
样本总数: 100, 训练: 70, 验证: 15, 测试: 15
一次性预测 -> MAE:2.1563 RMSE:3.8188 NMAE:0.0728 NRMSE:0.1290 R2:0.8222
滚动单步预测 -> MAE:2.0837 RMSE:3.8127 NMAE:0.0704 NRMSE:0.1288 R2:0.8227

--- 历史天数: 2天 (192点) | 预测长度: 1点 ---
样本总数: 9504, 训练: 6652, 验证: 1426, 测试: 1426
一次性预测 -> MAE:1.0112 RMSE:2.2907 NMAE:0.0341 NRMSE:0.0774 R2:0.9363
滚动单步预测 -> MAE:0.9630 RMSE:2.2887 NMAE:0.0325 NRMSE:0.0773 R2:0.9364

--- 历史天数: 2天 (192点) | 预测长度: 16点 ---
样本总数: 594, 训练: 415, 验证: 89, 测试: 90
一次性预测 -> MAE:2.1145 RMSE:3.7947 NMAE:0.0714 NRMSE:0.1282 R2:0.8244
滚动单步预测 -> MAE:2.4916 RMSE:4.0694 NMAE:0.0841 NRMSE:0.1374 R2:0.7980

--- 历史天数: 2天 (192点) | 预测长度: 96点 ---
样本总数: 99, 训练: 69, 验证: 15, 测试: 15
一次性预测 -> MAE:2.0455 RMSE:3.7374 NMAE:0.0691 NRMSE:0.1262 R2:0.8297
滚动单步预测 -> MAE:2.1723 RMSE:3.9153 NMAE:0.0734 NRMSE:0.1322 R2:0.8130

--- 历史天数: 3天 (288点) | 预测长度: 1点 ---
样本总数: 9408, 训练: 6585, 验证: 1411, 测试: 1412
一次性预测 -> MAE:0.9546 RMSE:2.2696 NMAE:0.0322 NRMSE:0.0767 R2:0.9378
滚动单步预测 -> MAE:0.9597 RMSE:2.2544 NMAE:0.0324 NRMSE:0.0761 R2:0.9387

--- 历史天数: 3天 (288点) | 预测长度: 16点 ---
样本总数: 588, 训练: 411, 验证: 88, 测试: 89
一次性预测 -> MAE:2.1728 RMSE:3.7948 NMAE:0.0734 NRMSE:0.1282 R2:0.8253
滚动单步预测 -> MAE:2.1905 RMSE:3.8162 NMAE:0.0740 NRMSE:0.1289 R2:0.8234

--- 历史天数: 3天 (288点) | 预测长度: 96点 ---
样本总数: 98, 训练: 68, 验证: 15, 测试: 15
一次性预测 -> MAE:2.2534 RMSE:3.8104 NMAE:0.0761 NRMSE:0.1287 R2:0.8229
滚动单步预测 -> MAE:2.0664 RMSE:3.6921 NMAE:0.0698 NRMSE:0.1247 R2:0.8338

--- 历史天数: 5天 (480点) | 预测长度: 1点 ---
样本总数: 9216, 训练: 6451, 验证: 1382, 测试: 1383
一次性预测 -> MAE:0.9167 RMSE:2.1221 NMAE:0.0310 NRMSE:0.0717 R2:0.9449
滚动单步预测 -> MAE:0.8680 RMSE:2.1133 NMAE:0.0293 NRMSE:0.0714 R2:0.9453

--- 历史天数: 5天 (480点) | 预测长度: 16点 ---
样本总数: 576, 训练: 403, 验证: 86, 测试: 87
一次性预测 -> MAE:2.0986 RMSE:3.7071 NMAE:0.0709 NRMSE:0.1252 R2:0.8330
滚动单步预测 -> MAE:3.2431 RMSE:5.0066 NMAE:0.1095 NRMSE:0.1691 R2:0.6955

--- 历史天数: 5天 (480点) | 预测长度: 96点 ---
样本总数: 96, 训练: 67, 验证: 14, 测试: 15
一次性预测 -> MAE:2.0749 RMSE:3.7536 NMAE:0.0701 NRMSE:0.1268 R2:0.8282
滚动单步预测 -> MAE:2.2662 RMSE:3.7712 NMAE:0.0765 NRMSE:0.1274 R2:0.8266

--- 历史天数: 7天 (672点) | 预测长度: 1点 ---
样本总数: 9024, 训练: 6316, 验证: 1354, 测试: 1354
一次性预测 -> MAE:0.8849 RMSE:2.0918 NMAE:0.0299 NRMSE:0.0706 R2:0.9470
滚动单步预测 -> MAE:0.9149 RMSE:2.0779 NMAE:0.0309 NRMSE:0.0702 R2:0.9477

--- 历史天数: 7天 (672点) | 预测长度: 16点 ---
样本总数: 564, 训练: 394, 验证: 85, 测试: 85
一次性预测 -> MAE:1.8872 RMSE:3.3795 NMAE:0.0637 NRMSE:0.1141 R2:0.8613
滚动单步预测 -> MAE:3.0852 RMSE:5.2344 NMAE:0.1042 NRMSE:0.1768 R2:0.6673

--- 历史天数: 7天 (672点) | 预测长度: 96点 ---
样本总数: 94, 训练: 65, 验证: 14, 测试: 15
一次性预测 -> MAE:2.0489 RMSE:3.8090 NMAE:0.0692 NRMSE:0.1286 R2:0.8231
滚动单步预测 -> MAE:2.2378 RMSE:3.8432 NMAE:0.0756 NRMSE:0.1298 R2:0.8199

############################################################
处理站点: station06
############################################################

--- 历史天数: 1天 (96点) | 预测长度: 1点 ---
样本总数: 31008, 训练: 21705, 验证: 4651, 测试: 4652
一次性预测 -> MAE:0.3000 RMSE:0.6633 NMAE:0.0256 NRMSE:0.0565 R2:0.9623
滚动单步预测 -> MAE:0.3005 RMSE:0.6645 NMAE:0.0256 NRMSE:0.0566 R2:0.9621

--- 历史天数: 1天 (96点) | 预测长度: 16点 ---
样本总数: 1938, 训练: 1356, 验证: 291, 测试: 291
一次性预测 -> MAE:0.6093 RMSE:1.0994 NMAE:0.0519 NRMSE:0.0936 R2:0.8964
滚动单步预测 -> MAE:0.7503 RMSE:1.3868 NMAE:0.0639 NRMSE:0.1181 R2:0.8351

--- 历史天数: 1天 (96点) | 预测长度: 96点 ---
样本总数: 323, 训练: 226, 验证: 48, 测试: 49
一次性预测 -> MAE:0.7813 RMSE:1.2838 NMAE:0.0665 NRMSE:0.1093 R2:0.8580
滚动单步预测 -> MAE:0.7236 RMSE:1.2974 NMAE:0.0616 NRMSE:0.1105 R2:0.8550

--- 历史天数: 2天 (192点) | 预测长度: 1点 ---
样本总数: 30912, 训练: 21638, 验证: 4637, 测试: 4637
一次性预测 -> MAE:0.2894 RMSE:0.6503 NMAE:0.0257 NRMSE:0.0577 R2:0.9636
滚动单步预测 -> MAE:0.2973 RMSE:0.6468 NMAE:0.0264 NRMSE:0.0574 R2:0.9640

--- 历史天数: 2天 (192点) | 预测长度: 16点 ---
样本总数: 1932, 训练: 1352, 验证: 290, 测试: 290
一次性预测 -> MAE:0.5585 RMSE:1.0369 NMAE:0.0496 NRMSE:0.0920 R2:0.9074
滚动单步预测 -> MAE:0.7463 RMSE:1.4085 NMAE:0.0662 NRMSE:0.1250 R2:0.8291

--- 历史天数: 2天 (192点) | 预测长度: 96点 ---
样本总数: 322, 训练: 225, 验证: 48, 测试: 49
一次性预测 -> MAE:0.8048 RMSE:1.3109 NMAE:0.0685 NRMSE:0.1117 R2:0.8520
滚动单步预测 -> MAE:0.7291 RMSE:1.3498 NMAE:0.0621 NRMSE:0.1150 R2:0.8431

--- 历史天数: 3天 (288点) | 预测长度: 1点 ---
样本总数: 30816, 训练: 21571, 验证: 4622, 测试: 4623
一次性预测 -> MAE:0.2879 RMSE:0.6490 NMAE:0.0256 NRMSE:0.0576 R2:0.9638
滚动单步预测 -> MAE:0.2834 RMSE:0.6407 NMAE:0.0252 NRMSE:0.0569 R2:0.9647

--- 历史天数: 3天 (288点) | 预测长度: 16点 ---
样本总数: 1926, 训练: 1348, 验证: 289, 测试: 289
一次性预测 -> MAE:0.6601 RMSE:1.1471 NMAE:0.0586 NRMSE:0.1018 R2:0.8869
滚动单步预测 -> MAE:0.8198 RMSE:1.4982 NMAE:0.0728 NRMSE:0.1330 R2:0.8071

--- 历史天数: 3天 (288点) | 预测长度: 96点 ---
样本总数: 321, 训练: 224, 验证: 48, 测试: 49
一次性预测 -> MAE:0.8178 RMSE:1.3551 NMAE:0.0697 NRMSE:0.1154 R2:0.8418
滚动单步预测 -> MAE:0.7247 RMSE:1.3437 NMAE:0.0617 NRMSE:0.1144 R2:0.8445

--- 历史天数: 5天 (480点) | 预测长度: 1点 ---
样本总数: 30624, 训练: 21436, 验证: 4594, 测试: 4594
一次性预测 -> MAE:0.2936 RMSE:0.6588 NMAE:0.0261 NRMSE:0.0585 R2:0.9628
滚动单步预测 -> MAE:0.2946 RMSE:0.6450 NMAE:0.0262 NRMSE:0.0572 R2:0.9643

--- 历史天数: 5天 (480点) | 预测长度: 16点 ---
样本总数: 1914, 训练: 1339, 验证: 287, 测试: 288
一次性预测 -> MAE:0.5882 RMSE:1.0971 NMAE:0.0522 NRMSE:0.0974 R2:0.8967
滚动单步预测 -> MAE:0.7342 RMSE:1.3467 NMAE:0.0652 NRMSE:0.1195 R2:0.8443

--- 历史天数: 5天 (480点) | 预测长度: 96点 ---
样本总数: 319, 训练: 223, 验证: 48, 测试: 48
一次性预测 -> MAE:0.7521 RMSE:1.2586 NMAE:0.0667 NRMSE:0.1117 R2:0.8641
滚动单步预测 -> MAE:0.6976 RMSE:1.3372 NMAE:0.0619 NRMSE:0.1187 R2:0.8466

--- 历史天数: 7天 (672点) | 预测长度: 1点 ---
样本总数: 30432, 训练: 21302, 验证: 4565, 测试: 4565
一次性预测 -> MAE:0.2958 RMSE:0.6578 NMAE:0.0263 NRMSE:0.0584 R2:0.9630
滚动单步预测 -> MAE:0.2938 RMSE:0.6467 NMAE:0.0261 NRMSE:0.0574 R2:0.9643

--- 历史天数: 7天 (672点) | 预测长度: 16点 ---
样本总数: 1902, 训练: 1331, 验证: 285, 测试: 286
一次性预测 -> MAE:0.6272 RMSE:1.1333 NMAE:0.0557 NRMSE:0.1006 R2:0.8900
滚动单步预测 -> MAE:0.7823 RMSE:1.4039 NMAE:0.0694 NRMSE:0.1246 R2:0.8313

--- 历史天数: 7天 (672点) | 预测长度: 96点 ---
样本总数: 317, 训练: 221, 验证: 48, 测试: 48
一次性预测 -> MAE:0.8998 RMSE:1.2722 NMAE:0.0799 NRMSE:0.1129 R2:0.8611
滚动单步预测 -> MAE:0.6740 RMSE:1.2813 NMAE:0.0598 NRMSE:0.1137 R2:0.8591

############################################################
处理站点: station07
############################################################

--- 历史天数: 1天 (96点) | 预测长度: 1点 ---
样本总数: 32832, 训练: 22982, 验证: 4925, 测试: 4925
一次性预测 -> MAE:0.4389 RMSE:1.0025 NMAE:0.0259 NRMSE:0.0592 R2:0.9596
滚动单步预测 -> MAE:0.4451 RMSE:0.9867 NMAE:0.0263 NRMSE:0.0582 R2:0.9608

--- 历史天数: 1天 (96点) | 预测长度: 16点 ---
样本总数: 2052, 训练: 1436, 验证: 308, 测试: 308
一次性预测 -> MAE:0.9153 RMSE:1.7960 NMAE:0.0540 NRMSE:0.1060 R2:0.8702
滚动单步预测 -> MAE:1.2440 RMSE:2.3413 NMAE:0.0734 NRMSE:0.1382 R2:0.7794

--- 历史天数: 1天 (96点) | 预测长度: 96点 ---
样本总数: 342, 训练: 239, 验证: 51, 测试: 52
一次性预测 -> MAE:1.1828 RMSE:2.1738 NMAE:0.0698 NRMSE:0.1283 R2:0.8108
滚动单步预测 -> MAE:1.1299 RMSE:2.1280 NMAE:0.0667 NRMSE:0.1256 R2:0.8187

--- 历史天数: 2天 (192点) | 预测长度: 1点 ---
样本总数: 32736, 训练: 22915, 验证: 4910, 测试: 4911
一次性预测 -> MAE:0.4592 RMSE:1.0158 NMAE:0.0271 NRMSE:0.0600 R2:0.9586
滚动单步预测 -> MAE:0.4663 RMSE:1.0030 NMAE:0.0275 NRMSE:0.0592 R2:0.9596

--- 历史天数: 2天 (192点) | 预测长度: 16点 ---
样本总数: 2046, 训练: 1432, 验证: 307, 测试: 307
一次性预测 -> MAE:0.9511 RMSE:1.8379 NMAE:0.0561 NRMSE:0.1085 R2:0.8644
滚动单步预测 -> MAE:1.0775 RMSE:2.1244 NMAE:0.0636 NRMSE:0.1254 R2:0.8188

--- 历史天数: 2天 (192点) | 预测长度: 96点 ---
样本总数: 341, 训练: 238, 验证: 51, 测试: 52
一次性预测 -> MAE:1.1430 RMSE:2.1551 NMAE:0.0675 NRMSE:0.1272 R2:0.8140
滚动单步预测 -> MAE:1.0756 RMSE:2.1392 NMAE:0.0635 NRMSE:0.1263 R2:0.8168

--- 历史天数: 3天 (288点) | 预测长度: 1点 ---
样本总数: 32640, 训练: 22848, 验证: 4896, 测试: 4896
一次性预测 -> MAE:0.4428 RMSE:0.9955 NMAE:0.0261 NRMSE:0.0588 R2:0.9603
滚动单步预测 -> MAE:0.4838 RMSE:1.0001 NMAE:0.0286 NRMSE:0.0590 R2:0.9599

--- 历史天数: 3天 (288点) | 预测长度: 16点 ---
样本总数: 2040, 训练: 1428, 验证: 306, 测试: 306
一次性预测 -> MAE:0.9408 RMSE:1.7944 NMAE:0.0555 NRMSE:0.1059 R2:0.8709
滚动单步预测 -> MAE:1.1442 RMSE:2.2349 NMAE:0.0675 NRMSE:0.1319 R2:0.7998

--- 历史天数: 3天 (288点) | 预测长度: 96点 ---
样本总数: 340, 训练: 237, 验证: 52, 测试: 51
一次性预测 -> MAE:1.1486 RMSE:2.1387 NMAE:0.0678 NRMSE:0.1263 R2:0.8166
滚动单步预测 -> MAE:1.2029 RMSE:2.1780 NMAE:0.0710 NRMSE:0.1286 R2:0.8098

--- 历史天数: 5天 (480点) | 预测长度: 1点 ---
样本总数: 32448, 训练: 22713, 验证: 4867, 测试: 4868
一次性预测 -> MAE:0.4814 RMSE:1.0148 NMAE:0.0284 NRMSE:0.0599 R2:0.9588
滚动单步预测 -> MAE:0.4565 RMSE:0.9936 NMAE:0.0270 NRMSE:0.0587 R2:0.9605

--- 历史天数: 5天 (480点) | 预测长度: 16点 ---
样本总数: 2028, 训练: 1419, 验证: 304, 测试: 305
一次性预测 -> MAE:0.9113 RMSE:1.7965 NMAE:0.0538 NRMSE:0.1061 R2:0.8708
滚动单步预测 -> MAE:1.0960 RMSE:2.1317 NMAE:0.0647 NRMSE:0.1258 R2:0.8181

--- 历史天数: 5天 (480点) | 预测长度: 96点 ---
样本总数: 338, 训练: 236, 验证: 51, 测试: 51
一次性预测 -> MAE:1.1868 RMSE:2.1601 NMAE:0.0701 NRMSE:0.1275 R2:0.8130
滚动单步预测 -> MAE:1.0783 RMSE:2.1132 NMAE:0.0637 NRMSE:0.1248 R2:0.8210

--- 历史天数: 7天 (672点) | 预测长度: 1点 ---
样本总数: 32256, 训练: 22579, 验证: 4838, 测试: 4839
一次性预测 -> MAE:0.4399 RMSE:1.0033 NMAE:0.0260 NRMSE:0.0592 R2:0.9598
滚动单步预测 -> MAE:0.4558 RMSE:0.9945 NMAE:0.0269 NRMSE:0.0587 R2:0.9605

--- 历史天数: 7天 (672点) | 预测长度: 16点 ---
样本总数: 2016, 训练: 1411, 验证: 302, 测试: 303
一次性预测 -> MAE:0.9206 RMSE:1.7792 NMAE:0.0543 NRMSE:0.1050 R2:0.8738
滚动单步预测 -> MAE:1.1175 RMSE:2.2034 NMAE:0.0660 NRMSE:0.1301 R2:0.8065

--- 历史天数: 7天 (672点) | 预测长度: 96点 ---
样本总数: 336, 训练: 235, 验证: 50, 测试: 51
一次性预测 -> MAE:1.2096 RMSE:2.1601 NMAE:0.0714 NRMSE:0.1275 R2:0.8129
滚动单步预测 -> MAE:1.0736 RMSE:2.1163 NMAE:0.0634 NRMSE:0.1249 R2:0.8205

############################################################
处理站点: station08
############################################################

--- 历史天数: 1天 (96点) | 预测长度: 1点 ---
样本总数: 33024, 训练: 23116, 验证: 4954, 测试: 4954
一次性预测 -> MAE:0.4567 RMSE:1.0512 NMAE:0.0271 NRMSE:0.0624 R2:0.9571
滚动单步预测 -> MAE:0.4668 RMSE:1.0418 NMAE:0.0277 NRMSE:0.0619 R2:0.9579

--- 历史天数: 1天 (96点) | 预测长度: 16点 ---
样本总数: 2064, 训练: 1444, 验证: 310, 测试: 310
一次性预测 -> MAE:0.9351 RMSE:1.7286 NMAE:0.0555 NRMSE:0.1027 R2:0.8839
滚动单步预测 -> MAE:1.0978 RMSE:2.0546 NMAE:0.0652 NRMSE:0.1220 R2:0.8361

--- 历史天数: 1天 (96点) | 预测长度: 96点 ---
样本总数: 344, 训练: 240, 验证: 52, 测试: 52
一次性预测 -> MAE:1.2354 RMSE:2.0616 NMAE:0.0734 NRMSE:0.1224 R2:0.8344
滚动单步预测 -> MAE:1.1564 RMSE:2.0181 NMAE:0.0687 NRMSE:0.1199 R2:0.8413

--- 历史天数: 2天 (192点) | 预测长度: 1点 ---
样本总数: 32928, 训练: 23049, 验证: 4939, 测试: 4940
一次性预测 -> MAE:0.4502 RMSE:1.0604 NMAE:0.0267 NRMSE:0.0630 R2:0.9560
滚动单步预测 -> MAE:0.4464 RMSE:1.0482 NMAE:0.0265 NRMSE:0.0623 R2:0.9570

--- 历史天数: 2天 (192点) | 预测长度: 16点 ---
样本总数: 2058, 训练: 1440, 验证: 309, 测试: 309
一次性预测 -> MAE:0.9631 RMSE:1.7617 NMAE:0.0572 NRMSE:0.1046 R2:0.8788
滚动单步预测 -> MAE:1.1375 RMSE:2.0969 NMAE:0.0676 NRMSE:0.1245 R2:0.8283

--- 历史天数: 2天 (192点) | 预测长度: 96点 ---
样本总数: 343, 训练: 240, 验证: 51, 测试: 52
一次性预测 -> MAE:1.1976 RMSE:2.0622 NMAE:0.0711 NRMSE:0.1225 R2:0.8343
滚动单步预测 -> MAE:1.1031 RMSE:1.9988 NMAE:0.0655 NRMSE:0.1187 R2:0.8443

--- 历史天数: 3天 (288点) | 预测长度: 1点 ---
样本总数: 32832, 训练: 22982, 验证: 4925, 测试: 4925
一次性预测 -> MAE:0.4371 RMSE:1.0422 NMAE:0.0260 NRMSE:0.0619 R2:0.9574
滚动单步预测 -> MAE:0.4401 RMSE:1.0423 NMAE:0.0261 NRMSE:0.0619 R2:0.9574

--- 历史天数: 3天 (288点) | 预测长度: 16点 ---
样本总数: 2052, 训练: 1436, 验证: 308, 测试: 308
一次性预测 -> MAE:0.9139 RMSE:1.6953 NMAE:0.0543 NRMSE:0.1007 R2:0.8872
滚动单步预测 -> MAE:1.0517 RMSE:1.8902 NMAE:0.0625 NRMSE:0.1123 R2:0.8598

--- 历史天数: 3天 (288点) | 预测长度: 96点 ---
样本总数: 342, 训练: 239, 验证: 51, 测试: 52
一次性预测 -> MAE:1.2753 RMSE:2.0922 NMAE:0.0757 NRMSE:0.1242 R2:0.8294
滚动单步预测 -> MAE:1.0624 RMSE:1.9413 NMAE:0.0631 NRMSE:0.1153 R2:0.8531

--- 历史天数: 5天 (480点) | 预测长度: 1点 ---
样本总数: 32640, 训练: 22848, 验证: 4896, 测试: 4896
一次性预测 -> MAE:0.4582 RMSE:1.0491 NMAE:0.0272 NRMSE:0.0623 R2:0.9570
滚动单步预测 -> MAE:0.4460 RMSE:1.0497 NMAE:0.0265 NRMSE:0.0623 R2:0.9569

--- 历史天数: 5天 (480点) | 预测长度: 16点 ---
样本总数: 2040, 训练: 1428, 验证: 306, 测试: 306
一次性预测 -> MAE:0.9435 RMSE:1.7252 NMAE:0.0560 NRMSE:0.1025 R2:0.8837
滚动单步预测 -> MAE:1.0473 RMSE:1.9484 NMAE:0.0622 NRMSE:0.1157 R2:0.8516

--- 历史天数: 5天 (480点) | 预测长度: 96点 ---
样本总数: 340, 训练: 237, 验证: 52, 测试: 51
一次性预测 -> MAE:1.2745 RMSE:2.0805 NMAE:0.0757 NRMSE:0.1236 R2:0.8308
滚动单步预测 -> MAE:1.1414 RMSE:2.0013 NMAE:0.0678 NRMSE:0.1188 R2:0.8434

--- 历史天数: 7天 (672点) | 预测长度: 1点 ---
样本总数: 32448, 训练: 22713, 验证: 4867, 测试: 4868
一次性预测 -> MAE:0.4500 RMSE:1.0630 NMAE:0.0267 NRMSE:0.0631 R2:0.9559
滚动单步预测 -> MAE:0.4667 RMSE:1.0652 NMAE:0.0277 NRMSE:0.0633 R2:0.9558

--- 历史天数: 7天 (672点) | 预测长度: 16点 ---
样本总数: 2028, 训练: 1419, 验证: 304, 测试: 305
一次性预测 -> MAE:0.8803 RMSE:1.6793 NMAE:0.0523 NRMSE:0.0997 R2:0.8899
滚动单步预测 -> MAE:1.0193 RMSE:1.9042 NMAE:0.0605 NRMSE:0.1131 R2:0.8585

--- 历史天数: 7天 (672点) | 预测长度: 96点 ---
样本总数: 338, 训练: 236, 验证: 51, 测试: 51
一次性预测 -> MAE:1.2795 RMSE:2.1182 NMAE:0.0760 NRMSE:0.1258 R2:0.8246
滚动单步预测 -> MAE:1.2018 RMSE:2.0397 NMAE:0.0714 NRMSE:0.1211 R2:0.8374

############################################################
处理站点: station09
############################################################

--- 历史天数: 1天 (96点) | 预测长度: 1点 ---
样本总数: 24192, 训练: 16934, 验证: 3629, 测试: 3629
一次性预测 -> MAE:0.2864 RMSE:0.6511 NMAE:0.0238 NRMSE:0.0541 R2:0.9548
滚动单步预测 -> MAE:0.2695 RMSE:0.6350 NMAE:0.0224 NRMSE:0.0527 R2:0.9570

--- 历史天数: 1天 (96点) | 预测长度: 16点 ---
样本总数: 1512, 训练: 1058, 验证: 227, 测试: 227
一次性预测 -> MAE:0.7258 RMSE:1.3024 NMAE:0.0603 NRMSE:0.1081 R2:0.8192
滚动单步预测 -> MAE:0.7959 RMSE:1.3079 NMAE:0.0661 NRMSE:0.1086 R2:0.8177

--- 历史天数: 1天 (96点) | 预测长度: 96点 ---
样本总数: 252, 训练: 176, 验证: 38, 测试: 38
一次性预测 -> MAE:0.7646 RMSE:1.3584 NMAE:0.0635 NRMSE:0.1128 R2:0.8029
滚动单步预测 -> MAE:0.7592 RMSE:1.4122 NMAE:0.0630 NRMSE:0.1172 R2:0.7870

--- 历史天数: 2天 (192点) | 预测长度: 1点 ---
样本总数: 24096, 训练: 16867, 验证: 3614, 测试: 3615
一次性预测 -> MAE:0.2865 RMSE:0.6673 NMAE:0.0238 NRMSE:0.0554 R2:0.9527
滚动单步预测 -> MAE:0.2709 RMSE:0.6346 NMAE:0.0225 NRMSE:0.0527 R2:0.9572

--- 历史天数: 2天 (192点) | 预测长度: 16点 ---
样本总数: 1506, 训练: 1054, 验证: 226, 测试: 226
一次性预测 -> MAE:0.7152 RMSE:1.2398 NMAE:0.0594 NRMSE:0.1029 R2:0.8366
滚动单步预测 -> MAE:0.7945 RMSE:1.3488 NMAE:0.0660 NRMSE:0.1120 R2:0.8066

--- 历史天数: 2天 (192点) | 预测长度: 96点 ---
样本总数: 251, 训练: 175, 验证: 38, 测试: 38
一次性预测 -> MAE:0.7609 RMSE:1.3968 NMAE:0.0632 NRMSE:0.1160 R2:0.7916
滚动单步预测 -> MAE:0.7045 RMSE:1.3320 NMAE:0.0585 NRMSE:0.1106 R2:0.8105

--- 历史天数: 3天 (288点) | 预测长度: 1点 ---
样本总数: 24000, 训练: 16800, 验证: 3600, 测试: 3600
一次性预测 -> MAE:0.2848 RMSE:0.6451 NMAE:0.0236 NRMSE:0.0536 R2:0.9558
滚动单步预测 -> MAE:0.2591 RMSE:0.6338 NMAE:0.0215 NRMSE:0.0526 R2:0.9573

--- 历史天数: 3天 (288点) | 预测长度: 16点 ---
样本总数: 1500, 训练: 1050, 验证: 225, 测试: 225
一次性预测 -> MAE:0.7337 RMSE:1.2407 NMAE:0.0609 NRMSE:0.1030 R2:0.8365
滚动单步预测 -> MAE:0.8508 RMSE:1.3626 NMAE:0.0706 NRMSE:0.1131 R2:0.8028

--- 历史天数: 3天 (288点) | 预测长度: 96点 ---
样本总数: 250, 训练: 175, 验证: 37, 测试: 38
一次性预测 -> MAE:0.7441 RMSE:1.4280 NMAE:0.0618 NRMSE:0.1186 R2:0.7822
滚动单步预测 -> MAE:0.7339 RMSE:1.3963 NMAE:0.0609 NRMSE:0.1159 R2:0.7918

--- 历史天数: 5天 (480点) | 预测长度: 1点 ---
样本总数: 23808, 训练: 16665, 验证: 3571, 测试: 3572
一次性预测 -> MAE:0.2898 RMSE:0.6523 NMAE:0.0241 NRMSE:0.0542 R2:0.9549
滚动单步预测 -> MAE:0.2560 RMSE:0.6313 NMAE:0.0213 NRMSE:0.0524 R2:0.9578

--- 历史天数: 5天 (480点) | 预测长度: 16点 ---
样本总数: 1488, 训练: 1041, 验证: 223, 测试: 224
一次性预测 -> MAE:0.7407 RMSE:1.2113 NMAE:0.0615 NRMSE:0.1006 R2:0.8442
滚动单步预测 -> MAE:0.8302 RMSE:1.3459 NMAE:0.0689 NRMSE:0.1117 R2:0.8077

--- 历史天数: 5天 (480点) | 预测长度: 96点 ---
样本总数: 248, 训练: 173, 验证: 37, 测试: 38
一次性预测 -> MAE:0.7160 RMSE:1.3826 NMAE:0.0594 NRMSE:0.1148 R2:0.7959
滚动单步预测 -> MAE:0.7593 RMSE:1.3925 NMAE:0.0630 NRMSE:0.1156 R2:0.7929

--- 历史天数: 7天 (672点) | 预测长度: 1点 ---
样本总数: 23616, 训练: 16531, 验证: 3542, 测试: 3543
一次性预测 -> MAE:0.2739 RMSE:0.6526 NMAE:0.0227 NRMSE:0.0542 R2:0.9551
滚动单步预测 -> MAE:0.2825 RMSE:0.6444 NMAE:0.0235 NRMSE:0.0535 R2:0.9562

--- 历史天数: 7天 (672点) | 预测长度: 16点 ---
样本总数: 1476, 训练: 1033, 验证: 221, 测试: 222
一次性预测 -> MAE:0.7196 RMSE:1.2698 NMAE:0.0597 NRMSE:0.1054 R2:0.8296
滚动单步预测 -> MAE:0.8003 RMSE:1.3969 NMAE:0.0664 NRMSE:0.1160 R2:0.7938

--- 历史天数: 7天 (672点) | 预测长度: 96点 ---
样本总数: 246, 训练: 172, 验证: 37, 测试: 37
一次性预测 -> MAE:0.7444 RMSE:1.3801 NMAE:0.0618 NRMSE:0.1146 R2:0.7988
滚动单步预测 -> MAE:0.8009 RMSE:1.4273 NMAE:0.0665 NRMSE:0.1185 R2:0.7848


========================================================================================================================
完整实验结果汇总
========================================================================================================================
站点           历史天数     预测长度     模型                MAE     RMSE     NMAE    NRMSE       R2
station00    1        1        MultiStep      0.1329   0.2925   0.0256   0.0563   0.9648
station00    1        1        Iterative      0.1317   0.2857   0.0253   0.0550   0.9664
station00    1        16       MultiStep      0.3099   0.5696   0.0596   0.1096   0.8663
station00    1        16       Iterative      0.3413   0.6406   0.0657   0.1233   0.8309
station00    1        96       MultiStep      0.3717   0.6187   0.0715   0.1191   0.8423
station00    1        96       Iterative      0.4180   0.7260   0.0805   0.1397   0.7828
station00    2        1        MultiStep      0.1386   0.2897   0.0267   0.0557   0.9655
station00    2        1        Iterative      0.1377   0.2949   0.0265   0.0567   0.9642
station00    2        16       MultiStep      0.3752   0.6421   0.0722   0.1236   0.8302
station00    2        16       Iterative      0.4097   0.7181   0.0788   0.1382   0.7876
station00    2        96       MultiStep      0.3710   0.6264   0.0714   0.1205   0.8384
station00    2        96       Iterative      0.3745   0.6651   0.0721   0.1280   0.8178
station00    3        1        MultiStep      0.1618   0.3066   0.0311   0.0590   0.9614
station00    3        1        Iterative      0.1348   0.2915   0.0259   0.0561   0.9651
station00    3        16       MultiStep      0.3195   0.5887   0.0615   0.1133   0.8574
station00    3        16       Iterative      0.4661   0.7901   0.0897   0.1521   0.7431
station00    3        96       MultiStep      0.3776   0.6512   0.0727   0.1253   0.8253
station00    3        96       Iterative      0.3705   0.6705   0.0713   0.1290   0.8148
station00    5        1        MultiStep      0.1304   0.2925   0.0251   0.0563   0.9643
station00    5        1        Iterative      0.1393   0.2903   0.0268   0.0559   0.9648
station00    5        16       MultiStep      0.3361   0.6050   0.0647   0.1164   0.8487
station00    5        16       Iterative      0.4061   0.7275   0.0782   0.1400   0.7812
station00    5        96       MultiStep      0.3685   0.6002   0.0709   0.1155   0.8516
station00    5        96       Iterative      0.3536   0.6584   0.0681   0.1267   0.8214
station00    7        1        MultiStep      0.1342   0.2932   0.0258   0.0564   0.9640
station00    7        1        Iterative      0.1475   0.2905   0.0284   0.0559   0.9647
station00    7        16       MultiStep      0.3373   0.6205   0.0649   0.1194   0.8389
station00    7        16       Iterative      0.4325   0.7507   0.0832   0.1445   0.7642
station00    7        96       MultiStep      0.3865   0.6297   0.0744   0.1212   0.8366
station00    7        96       Iterative      0.3978   0.6798   0.0766   0.1308   0.8096
station01    1        1        MultiStep      0.4681   1.0768   0.0240   0.0553   0.9675
station01    1        1        Iterative      0.4798   1.0792   0.0246   0.0554   0.9673
station01    1        16       MultiStep      1.1859   1.9492   0.0609   0.1000   0.8933
station01    1        16       Iterative      1.5127   2.5878   0.0776   0.1328   0.8118
station01    1        96       MultiStep      1.4857   2.3361   0.0763   0.1199   0.8467
station01    1        96       Iterative      2.7054   3.6516   0.1389   0.1874   0.6254
station01    2        1        MultiStep      0.5340   1.1077   0.0274   0.0569   0.9656
station01    2        1        Iterative      0.4832   1.0718   0.0248   0.0550   0.9678
station01    2        16       MultiStep      1.2050   2.0293   0.0618   0.1042   0.8845
station01    2        16       Iterative      1.6413   2.9234   0.0842   0.1501   0.7602
station01    2        96       MultiStep      1.5436   2.4137   0.0792   0.1239   0.8365
station01    2        96       Iterative      2.9556   4.4916   0.1517   0.2305   0.4339
station01    3        1        MultiStep      0.4840   1.0785   0.0248   0.0554   0.9674
station01    3        1        Iterative      0.4713   1.0765   0.0242   0.0553   0.9675
station01    3        16       MultiStep      1.1969   2.0210   0.0614   0.1037   0.8855
station01    3        16       Iterative      1.3563   2.1914   0.0696   0.1125   0.8654
station01    3        96       MultiStep      1.5185   2.3433   0.0779   0.1203   0.8459
station01    3        96       Iterative      1.8885   3.1841   0.0969   0.1634   0.7155
station01    5        1        MultiStep      0.4766   1.0636   0.0245   0.0546   0.9684
station01    5        1        Iterative      0.4893   1.0768   0.0251   0.0553   0.9677
station01    5        16       MultiStep      1.2734   2.1327   0.0654   0.1095   0.8731
station01    5        16       Iterative      1.4361   2.5244   0.0737   0.1296   0.8222
station01    5        96       MultiStep      1.5540   2.3565   0.0798   0.1210   0.8442
station01    5        96       Iterative      3.4453   5.2558   0.1768   0.2698   0.2249
station01    7        1        MultiStep      0.4777   1.0701   0.0245   0.0549   0.9682
station01    7        1        Iterative      0.4822   1.0758   0.0248   0.0552   0.9679
station01    7        16       MultiStep      1.1063   1.9229   0.0568   0.0987   0.8973
station01    7        16       Iterative      1.3525   2.4610   0.0694   0.1263   0.8317
station01    7        96       MultiStep      1.6232   2.4561   0.0833   0.1261   0.8307
station01    7        96       Iterative      2.5578   3.7229   0.1313   0.1911   0.6111
station02    1        1        MultiStep      0.4128   0.9295   0.0272   0.0613   0.9577
station02    1        1        Iterative      0.4007   0.9260   0.0264   0.0611   0.9580
station02    1        16       MultiStep      0.8837   1.5957   0.0583   0.1052   0.8760
station02    1        16       Iterative      1.0523   1.8394   0.0694   0.1213   0.8353
station02    1        96       MultiStep      1.0874   1.8704   0.0717   0.1233   0.8297
station02    1        96       Iterative      1.0321   1.8027   0.0681   0.1189   0.8418
station02    2        1        MultiStep      0.3903   0.9103   0.0257   0.0600   0.9595
station02    2        1        Iterative      0.4025   0.9188   0.0265   0.0606   0.9587
station02    2        16       MultiStep      0.9770   1.7055   0.0644   0.1125   0.8576
station02    2        16       Iterative      1.0995   1.9491   0.0725   0.1285   0.8140
station02    2        96       MultiStep      1.1805   1.9630   0.0778   0.1294   0.8124
station02    2        96       Iterative      0.9776   1.7012   0.0645   0.1122   0.8591
station02    3        1        MultiStep      0.4113   0.9278   0.0271   0.0612   0.9580
station02    3        1        Iterative      0.4085   0.9115   0.0269   0.0601   0.9594
station02    3        16       MultiStep      0.8838   1.5962   0.0583   0.1052   0.8756
station02    3        16       Iterative      0.9943   1.7668   0.0656   0.1165   0.8475
station02    3        96       MultiStep      1.1825   1.9456   0.0780   0.1283   0.8157
station02    3        96       Iterative      1.2042   1.9277   0.0794   0.1271   0.8191
station02    5        1        MultiStep      0.4176   0.9382   0.0275   0.0619   0.9572
station02    5        1        Iterative      0.3983   0.9198   0.0263   0.0607   0.9588
station02    5        16       MultiStep      0.8718   1.5925   0.0575   0.1050   0.8765
station02    5        16       Iterative      1.0563   1.8476   0.0696   0.1218   0.8338
station02    5        96       MultiStep      1.1852   1.9543   0.0781   0.1289   0.8138
station02    5        96       Iterative      1.0590   1.8048   0.0698   0.1190   0.8412
station02    7        1        MultiStep      0.4079   0.9230   0.0269   0.0609   0.9585
station02    7        1        Iterative      0.4186   0.9307   0.0276   0.0614   0.9579
station02    7        16       MultiStep      0.9320   1.6683   0.0615   0.1100   0.8646
station02    7        16       Iterative      1.2107   2.2203   0.0798   0.1464   0.7601
station02    7        96       MultiStep      1.0894   1.8601   0.0718   0.1226   0.8313
station02    7        96       Iterative      1.0782   1.8584   0.0711   0.1225   0.8316
station03    1        1        MultiStep      0.5247   1.1162   0.0327   0.0696   0.9483
station03    1        1        Iterative      0.4935   1.0430   0.0308   0.0650   0.9548
station03    1        16       MultiStep      1.1588   1.9844   0.0722   0.1237   0.8364
station03    1        16       Iterative      1.0923   1.9373   0.0681   0.1208   0.8441
station03    1        96       MultiStep      1.1813   1.9817   0.0736   0.1235   0.8363
station03    1        96       Iterative      1.1060   1.9840   0.0689   0.1237   0.8360
station03    2        1        MultiStep      0.4999   1.0697   0.0312   0.0667   0.9527
station03    2        1        Iterative      0.4839   1.0396   0.0302   0.0648   0.9553
station03    2        16       MultiStep      1.1654   1.9610   0.0726   0.1222   0.8410
station03    2        16       Iterative      1.1466   1.9946   0.0715   0.1243   0.8355
station03    2        96       MultiStep      1.1771   2.0759   0.0734   0.1294   0.8204
station03    2        96       Iterative      1.0812   1.9482   0.0674   0.1214   0.8418
station03    3        1        MultiStep      0.4920   1.0859   0.0307   0.0677   0.9505
station03    3        1        Iterative      0.5333   1.0469   0.0332   0.0653   0.9540
station03    3        16       MultiStep      1.2673   2.1560   0.0790   0.1344   0.8049
station03    3        16       Iterative      1.1799   1.9670   0.0736   0.1226   0.8376
station03    3        96       MultiStep      1.2147   2.0802   0.0757   0.1297   0.8197
station03    3        96       Iterative      1.1429   1.9936   0.0712   0.1243   0.8344
station03    5        1        MultiStep      0.4822   1.0470   0.0301   0.0653   0.9530
station03    5        1        Iterative      0.5040   1.0576   0.0314   0.0659   0.9521
station03    5        16       MultiStep      1.1760   2.0648   0.0733   0.1287   0.8166
station03    5        16       Iterative      1.1472   2.0095   0.0715   0.1253   0.8263
station03    5        96       MultiStep      1.1172   1.9852   0.0696   0.1238   0.8358
station03    5        96       Iterative      1.0945   1.9925   0.0682   0.1242   0.8346
station03    7        1        MultiStep      0.5204   1.0580   0.0324   0.0660   0.9523
station03    7        1        Iterative      0.4904   1.0470   0.0306   0.0653   0.9533
station03    7        16       MultiStep      1.1136   1.9753   0.0694   0.1231   0.8335
station03    7        16       Iterative      1.2323   2.0822   0.0768   0.1298   0.8150
station03    7        96       MultiStep      1.2961   2.1073   0.0808   0.1314   0.8105
station03    7        96       Iterative      1.1183   2.0416   0.0697   0.1273   0.8222
station04    1        1        MultiStep      0.7629   1.6961   0.0296   0.0658   0.9501
station04    1        1        Iterative      0.7079   1.6297   0.0274   0.0632   0.9540
station04    1        16       MultiStep      1.6549   2.9710   0.0642   0.1152   0.8468
station04    1        16       Iterative      1.7764   3.2354   0.0689   0.1254   0.8183
station04    1        96       MultiStep      2.0005   3.3621   0.0776   0.1303   0.8053
station04    1        96       Iterative      1.8545   3.1899   0.0719   0.1237   0.8247
station04    2        1        MultiStep      0.7594   1.6631   0.0294   0.0645   0.9521
station04    2        1        Iterative      0.7553   1.6609   0.0293   0.0644   0.9522
station04    2        16       MultiStep      1.6498   2.9988   0.0640   0.1163   0.8442
station04    2        16       Iterative      1.6853   3.1293   0.0653   0.1213   0.8303
station04    2        96       MultiStep      1.9907   3.3390   0.0772   0.1295   0.8068
station04    2        96       Iterative      2.0486   3.3201   0.0794   0.1287   0.8090
station04    3        1        MultiStep      0.7777   1.6661   0.0301   0.0646   0.9520
station04    3        1        Iterative      0.7155   1.6378   0.0277   0.0635   0.9536
station04    3        16       MultiStep      1.6570   2.9075   0.0642   0.1127   0.8537
station04    3        16       Iterative      1.8973   3.3979   0.0736   0.1317   0.8002
station04    3        96       MultiStep      2.0499   3.3591   0.0795   0.1302   0.8045
station04    3        96       Iterative      1.7792   3.1657   0.0690   0.1227   0.8263
station04    5        1        MultiStep      0.7404   1.6628   0.0287   0.0645   0.9518
station04    5        1        Iterative      0.7261   1.6544   0.0282   0.0641   0.9523
station04    5        16       MultiStep      1.5211   2.8145   0.0590   0.1091   0.8624
station04    5        16       Iterative      1.7165   3.1514   0.0665   0.1222   0.8275
station04    5        96       MultiStep      2.0212   3.3879   0.0784   0.1313   0.8011
station04    5        96       Iterative      1.8198   3.2225   0.0706   0.1249   0.8201
station04    7        1        MultiStep      0.7844   1.6758   0.0304   0.0650   0.9509
station04    7        1        Iterative      0.7414   1.6637   0.0287   0.0645   0.9516
station04    7        16       MultiStep      1.5970   2.8598   0.0619   0.1109   0.8571
station04    7        16       Iterative      1.8487   3.3016   0.0717   0.1280   0.8095
station04    7        96       MultiStep      2.0474   3.3748   0.0794   0.1308   0.8026
station04    7        96       Iterative      1.9232   3.2788   0.0746   0.1271   0.8137
station05    1        1        MultiStep      0.9274   2.2576   0.0313   0.0762   0.9378
station05    1        1        Iterative      0.9581   2.2689   0.0324   0.0766   0.9372
station05    1        16       MultiStep      2.1039   3.7765   0.0711   0.1275   0.8261
station05    1        16       Iterative      2.0622   3.7342   0.0696   0.1261   0.8299
station05    1        96       MultiStep      2.1563   3.8188   0.0728   0.1290   0.8222
station05    1        96       Iterative      2.0837   3.8127   0.0704   0.1288   0.8227
station05    2        1        MultiStep      1.0112   2.2907   0.0341   0.0774   0.9363
station05    2        1        Iterative      0.9630   2.2887   0.0325   0.0773   0.9364
station05    2        16       MultiStep      2.1145   3.7947   0.0714   0.1282   0.8244
station05    2        16       Iterative      2.4916   4.0694   0.0841   0.1374   0.7980
station05    2        96       MultiStep      2.0455   3.7374   0.0691   0.1262   0.8297
station05    2        96       Iterative      2.1723   3.9153   0.0734   0.1322   0.8130
station05    3        1        MultiStep      0.9546   2.2696   0.0322   0.0767   0.9378
station05    3        1        Iterative      0.9597   2.2544   0.0324   0.0761   0.9387
station05    3        16       MultiStep      2.1728   3.7948   0.0734   0.1282   0.8253
station05    3        16       Iterative      2.1905   3.8162   0.0740   0.1289   0.8234
station05    3        96       MultiStep      2.2534   3.8104   0.0761   0.1287   0.8229
station05    3        96       Iterative      2.0664   3.6921   0.0698   0.1247   0.8338
station05    5        1        MultiStep      0.9167   2.1221   0.0310   0.0717   0.9449
station05    5        1        Iterative      0.8680   2.1133   0.0293   0.0714   0.9453
station05    5        16       MultiStep      2.0986   3.7071   0.0709   0.1252   0.8330
station05    5        16       Iterative      3.2431   5.0066   0.1095   0.1691   0.6955
station05    5        96       MultiStep      2.0749   3.7536   0.0701   0.1268   0.8282
station05    5        96       Iterative      2.2662   3.7712   0.0765   0.1274   0.8266
station05    7        1        MultiStep      0.8849   2.0918   0.0299   0.0706   0.9470
station05    7        1        Iterative      0.9149   2.0779   0.0309   0.0702   0.9477
station05    7        16       MultiStep      1.8872   3.3795   0.0637   0.1141   0.8613
station05    7        16       Iterative      3.0852   5.2344   0.1042   0.1768   0.6673
station05    7        96       MultiStep      2.0489   3.8090   0.0692   0.1286   0.8231
station05    7        96       Iterative      2.2378   3.8432   0.0756   0.1298   0.8199
station06    1        1        MultiStep      0.3000   0.6633   0.0256   0.0565   0.9623
station06    1        1        Iterative      0.3005   0.6645   0.0256   0.0566   0.9621
station06    1        16       MultiStep      0.6093   1.0994   0.0519   0.0936   0.8964
station06    1        16       Iterative      0.7503   1.3868   0.0639   0.1181   0.8351
station06    1        96       MultiStep      0.7813   1.2838   0.0665   0.1093   0.8580
station06    1        96       Iterative      0.7236   1.2974   0.0616   0.1105   0.8550
station06    2        1        MultiStep      0.2894   0.6503   0.0257   0.0577   0.9636
station06    2        1        Iterative      0.2973   0.6468   0.0264   0.0574   0.9640
station06    2        16       MultiStep      0.5585   1.0369   0.0496   0.0920   0.9074
station06    2        16       Iterative      0.7463   1.4085   0.0662   0.1250   0.8291
station06    2        96       MultiStep      0.8048   1.3109   0.0685   0.1117   0.8520
station06    2        96       Iterative      0.7291   1.3498   0.0621   0.1150   0.8431
station06    3        1        MultiStep      0.2879   0.6490   0.0256   0.0576   0.9638
station06    3        1        Iterative      0.2834   0.6407   0.0252   0.0569   0.9647
station06    3        16       MultiStep      0.6601   1.1471   0.0586   0.1018   0.8869
station06    3        16       Iterative      0.8198   1.4982   0.0728   0.1330   0.8071
station06    3        96       MultiStep      0.8178   1.3551   0.0697   0.1154   0.8418
station06    3        96       Iterative      0.7247   1.3437   0.0617   0.1144   0.8445
station06    5        1        MultiStep      0.2936   0.6588   0.0261   0.0585   0.9628
station06    5        1        Iterative      0.2946   0.6450   0.0262   0.0572   0.9643
station06    5        16       MultiStep      0.5882   1.0971   0.0522   0.0974   0.8967
station06    5        16       Iterative      0.7342   1.3467   0.0652   0.1195   0.8443
station06    5        96       MultiStep      0.7521   1.2586   0.0667   0.1117   0.8641
station06    5        96       Iterative      0.6976   1.3372   0.0619   0.1187   0.8466
station06    7        1        MultiStep      0.2958   0.6578   0.0263   0.0584   0.9630
station06    7        1        Iterative      0.2938   0.6467   0.0261   0.0574   0.9643
station06    7        16       MultiStep      0.6272   1.1333   0.0557   0.1006   0.8900
station06    7        16       Iterative      0.7823   1.4039   0.0694   0.1246   0.8313
station06    7        96       MultiStep      0.8998   1.2722   0.0799   0.1129   0.8611
station06    7        96       Iterative      0.6740   1.2813   0.0598   0.1137   0.8591
station07    1        1        MultiStep      0.4389   1.0025   0.0259   0.0592   0.9596
station07    1        1        Iterative      0.4451   0.9867   0.0263   0.0582   0.9608
station07    1        16       MultiStep      0.9153   1.7960   0.0540   0.1060   0.8702
station07    1        16       Iterative      1.2440   2.3413   0.0734   0.1382   0.7794
station07    1        96       MultiStep      1.1828   2.1738   0.0698   0.1283   0.8108
station07    1        96       Iterative      1.1299   2.1280   0.0667   0.1256   0.8187
station07    2        1        MultiStep      0.4592   1.0158   0.0271   0.0600   0.9586
station07    2        1        Iterative      0.4663   1.0030   0.0275   0.0592   0.9596
station07    2        16       MultiStep      0.9511   1.8379   0.0561   0.1085   0.8644
station07    2        16       Iterative      1.0775   2.1244   0.0636   0.1254   0.8188
station07    2        96       MultiStep      1.1430   2.1551   0.0675   0.1272   0.8140
station07    2        96       Iterative      1.0756   2.1392   0.0635   0.1263   0.8168
station07    3        1        MultiStep      0.4428   0.9955   0.0261   0.0588   0.9603
station07    3        1        Iterative      0.4838   1.0001   0.0286   0.0590   0.9599
station07    3        16       MultiStep      0.9408   1.7944   0.0555   0.1059   0.8709
station07    3        16       Iterative      1.1442   2.2349   0.0675   0.1319   0.7998
station07    3        96       MultiStep      1.1486   2.1387   0.0678   0.1263   0.8166
station07    3        96       Iterative      1.2029   2.1780   0.0710   0.1286   0.8098
station07    5        1        MultiStep      0.4814   1.0148   0.0284   0.0599   0.9588
station07    5        1        Iterative      0.4565   0.9936   0.0270   0.0587   0.9605
station07    5        16       MultiStep      0.9113   1.7965   0.0538   0.1061   0.8708
station07    5        16       Iterative      1.0960   2.1317   0.0647   0.1258   0.8181
station07    5        96       MultiStep      1.1868   2.1601   0.0701   0.1275   0.8130
station07    5        96       Iterative      1.0783   2.1132   0.0637   0.1248   0.8210
station07    7        1        MultiStep      0.4399   1.0033   0.0260   0.0592   0.9598
station07    7        1        Iterative      0.4558   0.9945   0.0269   0.0587   0.9605
station07    7        16       MultiStep      0.9206   1.7792   0.0543   0.1050   0.8738
station07    7        16       Iterative      1.1175   2.2034   0.0660   0.1301   0.8065
station07    7        96       MultiStep      1.2096   2.1601   0.0714   0.1275   0.8129
station07    7        96       Iterative      1.0736   2.1163   0.0634   0.1249   0.8205
station08    1        1        MultiStep      0.4567   1.0512   0.0271   0.0624   0.9571
station08    1        1        Iterative      0.4668   1.0418   0.0277   0.0619   0.9579
station08    1        16       MultiStep      0.9351   1.7286   0.0555   0.1027   0.8839
station08    1        16       Iterative      1.0978   2.0546   0.0652   0.1220   0.8361
station08    1        96       MultiStep      1.2354   2.0616   0.0734   0.1224   0.8344
station08    1        96       Iterative      1.1564   2.0181   0.0687   0.1199   0.8413
station08    2        1        MultiStep      0.4502   1.0604   0.0267   0.0630   0.9560
station08    2        1        Iterative      0.4464   1.0482   0.0265   0.0623   0.9570
station08    2        16       MultiStep      0.9631   1.7617   0.0572   0.1046   0.8788
station08    2        16       Iterative      1.1375   2.0969   0.0676   0.1245   0.8283
station08    2        96       MultiStep      1.1976   2.0622   0.0711   0.1225   0.8343
station08    2        96       Iterative      1.1031   1.9988   0.0655   0.1187   0.8443
station08    3        1        MultiStep      0.4371   1.0422   0.0260   0.0619   0.9574
station08    3        1        Iterative      0.4401   1.0423   0.0261   0.0619   0.9574
station08    3        16       MultiStep      0.9139   1.6953   0.0543   0.1007   0.8872
station08    3        16       Iterative      1.0517   1.8902   0.0625   0.1123   0.8598
station08    3        96       MultiStep      1.2753   2.0922   0.0757   0.1242   0.8294
station08    3        96       Iterative      1.0624   1.9413   0.0631   0.1153   0.8531
station08    5        1        MultiStep      0.4582   1.0491   0.0272   0.0623   0.9570
station08    5        1        Iterative      0.4460   1.0497   0.0265   0.0623   0.9569
station08    5        16       MultiStep      0.9435   1.7252   0.0560   0.1025   0.8837
station08    5        16       Iterative      1.0473   1.9484   0.0622   0.1157   0.8516
station08    5        96       MultiStep      1.2745   2.0805   0.0757   0.1236   0.8308
station08    5        96       Iterative      1.1414   2.0013   0.0678   0.1188   0.8434
station08    7        1        MultiStep      0.4500   1.0630   0.0267   0.0631   0.9559
station08    7        1        Iterative      0.4667   1.0652   0.0277   0.0633   0.9558
station08    7        16       MultiStep      0.8803   1.6793   0.0523   0.0997   0.8899
station08    7        16       Iterative      1.0193   1.9042   0.0605   0.1131   0.8585
station08    7        96       MultiStep      1.2795   2.1182   0.0760   0.1258   0.8246
station08    7        96       Iterative      1.2018   2.0397   0.0714   0.1211   0.8374
station09    1        1        MultiStep      0.2864   0.6511   0.0238   0.0541   0.9548
station09    1        1        Iterative      0.2695   0.6350   0.0224   0.0527   0.9570
station09    1        16       MultiStep      0.7258   1.3024   0.0603   0.1081   0.8192
station09    1        16       Iterative      0.7959   1.3079   0.0661   0.1086   0.8177
station09    1        96       MultiStep      0.7646   1.3584   0.0635   0.1128   0.8029
station09    1        96       Iterative      0.7592   1.4122   0.0630   0.1172   0.7870
station09    2        1        MultiStep      0.2865   0.6673   0.0238   0.0554   0.9527
station09    2        1        Iterative      0.2709   0.6346   0.0225   0.0527   0.9572
station09    2        16       MultiStep      0.7152   1.2398   0.0594   0.1029   0.8366
station09    2        16       Iterative      0.7945   1.3488   0.0660   0.1120   0.8066
station09    2        96       MultiStep      0.7609   1.3968   0.0632   0.1160   0.7916
station09    2        96       Iterative      0.7045   1.3320   0.0585   0.1106   0.8105
station09    3        1        MultiStep      0.2848   0.6451   0.0236   0.0536   0.9558
station09    3        1        Iterative      0.2591   0.6338   0.0215   0.0526   0.9573
station09    3        16       MultiStep      0.7337   1.2407   0.0609   0.1030   0.8365
station09    3        16       Iterative      0.8508   1.3626   0.0706   0.1131   0.8028
station09    3        96       MultiStep      0.7441   1.4280   0.0618   0.1186   0.7822
station09    3        96       Iterative      0.7339   1.3963   0.0609   0.1159   0.7918
station09    5        1        MultiStep      0.2898   0.6523   0.0241   0.0542   0.9549
station09    5        1        Iterative      0.2560   0.6313   0.0213   0.0524   0.9578
station09    5        16       MultiStep      0.7407   1.2113   0.0615   0.1006   0.8442
station09    5        16       Iterative      0.8302   1.3459   0.0689   0.1117   0.8077
station09    5        96       MultiStep      0.7160   1.3826   0.0594   0.1148   0.7959
station09    5        96       Iterative      0.7593   1.3925   0.0630   0.1156   0.7929
station09    7        1        MultiStep      0.2739   0.6526   0.0227   0.0542   0.9551
station09    7        1        Iterative      0.2825   0.6444   0.0235   0.0535   0.9562
station09    7        16       MultiStep      0.7196   1.2698   0.0597   0.1054   0.8296
station09    7        16       Iterative      0.8003   1.3969   0.0664   0.1160   0.7938
station09    7        96       MultiStep      0.7444   1.3801   0.0618   0.1146   0.7988
station09    7        96       Iterative      0.8009   1.4273   0.0665   0.1185   0.7848

结果已保存至 /root/timer+exo/LSTM/LSTM_compare_experiment.csv
